Started GET "/" for ::1 at 2020-02-10 14:52:46 -0500

PG::ConnectionBad - FATAL:  database "MyBnb_development" does not exist
:

Started POST "/__better_errors/60236c6f9ffbca01/variables" for ::1 at 2020-02-10 14:52:47 -0500
  [1m[35m (251.4ms)[0m  [1m[35mCREATE DATABASE "MyBnb_development" ENCODING = 'unicode'[0m
  ↳ bin/rails:9
  [1m[35m (74.6ms)[0m  [1m[35mCREATE DATABASE "MyBnb_test" ENCODING = 'unicode'[0m
  ↳ bin/rails:9
Started GET "/" for ::1 at 2020-02-10 14:53:58 -0500
Processing by Rails::WelcomeController#index as HTML
  Rendering /Users/aracho/.rbenv/versions/2.5.1/lib/ruby/gems/2.5.0/gems/railties-5.2.4.1/lib/rails/templates/rails/welcome/index.html.erb
  Rendered /Users/aracho/.rbenv/versions/2.5.1/lib/ruby/gems/2.5.0/gems/railties-5.2.4.1/lib/rails/templates/rails/welcome/index.html.erb (4.8ms)
Completed 200 OK in 26ms (Views: 14.0ms | ActiveRecord: 0.0ms)


Started GET "/" for ::1 at 2020-02-10 14:55:36 -0500
Processing by Rails::WelcomeController#index as HTML
  Rendering /Users/aracho/.rbenv/versions/2.5.1/lib/ruby/gems/2.5.0/gems/railties-5.2.4.1/lib/rails/templates/rails/welcome/index.html.erb
  Rendered /Users/aracho/.rbenv/versions/2.5.1/lib/ruby/gems/2.5.0/gems/railties-5.2.4.1/lib/rails/templates/rails/welcome/index.html.erb (3.1ms)
Completed 200 OK in 15ms (Views: 7.0ms | ActiveRecord: 0.0ms)


Started GET "/" for ::1 at 2020-02-10 14:55:38 -0500
Processing by Rails::WelcomeController#index as HTML
  Rendering /Users/aracho/.rbenv/versions/2.5.1/lib/ruby/gems/2.5.0/gems/railties-5.2.4.1/lib/rails/templates/rails/welcome/index.html.erb
  Rendered /Users/aracho/.rbenv/versions/2.5.1/lib/ruby/gems/2.5.0/gems/railties-5.2.4.1/lib/rails/templates/rails/welcome/index.html.erb (3.2ms)
Completed 200 OK in 11ms (Views: 7.0ms | ActiveRecord: 0.0ms)


Started GET "/" for ::1 at 2020-02-10 14:56:54 -0500
Processing by Rails::WelcomeController#index as HTML
  Rendering /Users/aracho/.rbenv/versions/2.5.1/lib/ruby/gems/2.5.0/gems/railties-5.2.4.1/lib/rails/templates/rails/welcome/index.html.erb
  Rendered /Users/aracho/.rbenv/versions/2.5.1/lib/ruby/gems/2.5.0/gems/railties-5.2.4.1/lib/rails/templates/rails/welcome/index.html.erb (4.3ms)
Completed 200 OK in 20ms (Views: 11.0ms | ActiveRecord: 0.0ms)


Started GET "/" for ::1 at 2020-02-10 14:56:56 -0500
Processing by Rails::WelcomeController#index as HTML
  Rendering /Users/aracho/.rbenv/versions/2.5.1/lib/ruby/gems/2.5.0/gems/railties-5.2.4.1/lib/rails/templates/rails/welcome/index.html.erb
  Rendered /Users/aracho/.rbenv/versions/2.5.1/lib/ruby/gems/2.5.0/gems/railties-5.2.4.1/lib/rails/templates/rails/welcome/index.html.erb (2.9ms)
Completed 200 OK in 11ms (Views: 6.8ms | ActiveRecord: 0.0ms)


Started GET "/" for ::1 at 2020-02-10 14:59:55 -0500
Processing by Rails::WelcomeController#index as HTML
  Rendering /Users/aracho/.rbenv/versions/2.5.1/lib/ruby/gems/2.5.0/gems/railties-5.2.4.1/lib/rails/templates/rails/welcome/index.html.erb
  Rendered /Users/aracho/.rbenv/versions/2.5.1/lib/ruby/gems/2.5.0/gems/railties-5.2.4.1/lib/rails/templates/rails/welcome/index.html.erb (4.4ms)
Completed 200 OK in 22ms (Views: 12.3ms | ActiveRecord: 0.0ms)


Started GET "/" for ::1 at 2020-02-10 15:01:37 -0500
Processing by StaticPagesController#root as HTML
  Rendering static_pages/root.html.erb within layouts/application
  Rendered static_pages/root.html.erb within layouts/application (295.7ms)
Completed 500 Internal Server Error in 306ms (ActiveRecord: 0.0ms)



NameError - undefined local variable or method `current_user' for #<#<Class:0x00007fdfeb628d60>:0x00007fdfeb67a278>
Did you mean?  current_page?:
  app/views/static_pages/root.html.erb:1:in `_app_views_static_pages_root_html_erb__2901456821342362542_70299851771260'

Started POST "/__better_errors/d1c74dac1713057b/variables" for ::1 at 2020-02-10 15:01:38 -0500
Started GET "/" for ::1 at 2020-02-10 15:01:53 -0500
Processing by StaticPagesController#root as HTML
  Rendering static_pages/root.html.erb within layouts/application
  Rendered static_pages/root.html.erb within layouts/application (0.4ms)
Completed 200 OK in 1500ms (Views: 1497.0ms | ActiveRecord: 0.0ms)


  [1m[35m (55.9ms)[0m  [1m[35mCREATE TABLE "schema_migrations" ("version" character varying NOT NULL PRIMARY KEY)[0m
  ↳ bin/rails:9
  [1m[35m (23.7ms)[0m  [1m[35mCREATE TABLE "ar_internal_metadata" ("key" character varying NOT NULL PRIMARY KEY, "value" character varying, "created_at" timestamp NOT NULL, "updated_at" timestamp NOT NULL)[0m
  ↳ bin/rails:9
  [1m[35m (1.2ms)[0m  [1m[34mSELECT pg_try_advisory_lock(1451349145251187035)[0m
  ↳ bin/rails:9
  [1m[35m (1.0ms)[0m  [1m[34mSELECT "schema_migrations"."version" FROM "schema_migrations" ORDER BY "schema_migrations"."version" ASC[0m
  ↳ bin/rails:9
Migrating to CreateUsers (20200210200440)
  [1m[35m (0.3ms)[0m  [1m[35mBEGIN[0m
  ↳ bin/rails:9
  [1m[35m (23.5ms)[0m  [1m[35mCREATE TABLE "users" ("id" bigserial primary key, "username" character varying NOT NULL, "email" character varying NOT NULL, "password_digest" character varying NOT NULL, "session_token" character varying NOT NULL, "created_at" timestamp NOT NULL, "updated_at" timestamp NOT NULL)[0m
  ↳ db/migrate/20200210200440_create_users.rb:3
  [1m[35m (2.6ms)[0m  [1m[35mCREATE UNIQUE INDEX  "index_users_on_username" ON "users"  ("username")[0m
  ↳ db/migrate/20200210200440_create_users.rb:12
  [1m[36mActiveRecord::SchemaMigration Create (0.6ms)[0m  [1m[32mINSERT INTO "schema_migrations" ("version") VALUES ($1) RETURNING "version"[0m  [["version", "20200210200440"]]
  ↳ bin/rails:9
  [1m[35m (0.6ms)[0m  [1m[35mCOMMIT[0m
  ↳ bin/rails:9
  [1m[36mActiveRecord::InternalMetadata Load (0.4ms)[0m  [1m[34mSELECT  "ar_internal_metadata".* FROM "ar_internal_metadata" WHERE "ar_internal_metadata"."key" = $1 LIMIT $2[0m  [["key", "environment"], ["LIMIT", 1]]
  ↳ bin/rails:9
  [1m[35m (0.2ms)[0m  [1m[35mBEGIN[0m
  ↳ bin/rails:9
  [1m[36mActiveRecord::InternalMetadata Create (0.5ms)[0m  [1m[32mINSERT INTO "ar_internal_metadata" ("key", "value", "created_at", "updated_at") VALUES ($1, $2, $3, $4) RETURNING "key"[0m  [["key", "environment"], ["value", "development"], ["created_at", "2020-02-10 20:06:31.506021"], ["updated_at", "2020-02-10 20:06:31.506021"]]
  ↳ bin/rails:9
  [1m[35m (6.2ms)[0m  [1m[35mCOMMIT[0m
  ↳ bin/rails:9
  [1m[35m (0.3ms)[0m  [1m[34mSELECT pg_advisory_unlock(1451349145251187035)[0m
  ↳ bin/rails:9
  [1m[35m (0.3ms)[0m  [1m[34mSELECT "schema_migrations"."version" FROM "schema_migrations" ORDER BY "schema_migrations"."version" ASC[0m
  ↳ bin/rails:9
  [1m[35m (1.3ms)[0m  [1m[34mSELECT "schema_migrations"."version" FROM "schema_migrations" ORDER BY "schema_migrations"."version" ASC[0m
  ↳ bin/rails:9
  [1m[35m (0.3ms)[0m  [1m[34mSELECT "schema_migrations"."version" FROM "schema_migrations" ORDER BY "schema_migrations"."version" ASC[0m
  ↳ bin/rails:9
  [1m[35m (0.3ms)[0m  [1m[34mSELECT "schema_migrations"."version" FROM "schema_migrations" ORDER BY "schema_migrations"."version" ASC[0m
  ↳ bin/rails:9
  [1m[35m (0.3ms)[0m  [1m[34mSELECT pg_try_advisory_lock(1451349145251187035)[0m
  ↳ bin/rails:9
  [1m[35m (0.4ms)[0m  [1m[34mSELECT "schema_migrations"."version" FROM "schema_migrations" ORDER BY "schema_migrations"."version" ASC[0m
  ↳ bin/rails:9
Migrating to CreateUsers (20200210200440)
  [1m[35m (0.3ms)[0m  [1m[35mBEGIN[0m
  ↳ bin/rails:9
  [1m[35m (19.5ms)[0m  [1m[35mDROP INDEX  "index_users_on_username"[0m
  ↳ bin/rails:9
  [1m[35m (4.5ms)[0m  [1m[35mDROP TABLE "users"[0m
  ↳ bin/rails:9
  [1m[36mActiveRecord::SchemaMigration Destroy (0.6ms)[0m  [1m[31mDELETE FROM "schema_migrations" WHERE "schema_migrations"."version" = $1[0m  [["version", "20200210200440"]]
  ↳ bin/rails:9
  [1m[35m (18.1ms)[0m  [1m[35mCOMMIT[0m
  ↳ bin/rails:9
  [1m[35m (0.4ms)[0m  [1m[34mSELECT pg_advisory_unlock(1451349145251187035)[0m
  ↳ bin/rails:9
  [1m[35m (0.3ms)[0m  [1m[34mSELECT "schema_migrations"."version" FROM "schema_migrations" ORDER BY "schema_migrations"."version" ASC[0m
  ↳ bin/rails:9
  [1m[35m (1.5ms)[0m  [1m[34mSELECT "schema_migrations"."version" FROM "schema_migrations" ORDER BY "schema_migrations"."version" ASC[0m
  ↳ bin/rails:9
  [1m[35m (0.4ms)[0m  [1m[34mSELECT pg_try_advisory_lock(1451349145251187035)[0m
  ↳ bin/rails:9
  [1m[35m (1.2ms)[0m  [1m[34mSELECT "schema_migrations"."version" FROM "schema_migrations" ORDER BY "schema_migrations"."version" ASC[0m
  ↳ bin/rails:9
Migrating to CreateUsers (20200210200440)
  [1m[35m (0.2ms)[0m  [1m[35mBEGIN[0m
  ↳ bin/rails:9
  [1m[35m (30.8ms)[0m  [1m[35mCREATE TABLE "users" ("id" bigserial primary key, "name" character varying NOT NULL, "email" character varying NOT NULL, "password_digest" character varying NOT NULL, "session_token" character varying NOT NULL, "created_at" timestamp NOT NULL, "updated_at" timestamp NOT NULL)[0m
  ↳ db/migrate/20200210200440_create_users.rb:3
  [1m[35m (1.3ms)[0m  [1m[35mCREATE UNIQUE INDEX  "index_users_on_name" ON "users"  ("name")[0m
  ↳ db/migrate/20200210200440_create_users.rb:12
  [1m[36mActiveRecord::SchemaMigration Create (0.6ms)[0m  [1m[32mINSERT INTO "schema_migrations" ("version") VALUES ($1) RETURNING "version"[0m  [["version", "20200210200440"]]
  ↳ bin/rails:9
  [1m[35m (1.0ms)[0m  [1m[35mCOMMIT[0m
  ↳ bin/rails:9
  [1m[36mActiveRecord::InternalMetadata Load (0.6ms)[0m  [1m[34mSELECT  "ar_internal_metadata".* FROM "ar_internal_metadata" WHERE "ar_internal_metadata"."key" = $1 LIMIT $2[0m  [["key", "environment"], ["LIMIT", 1]]
  ↳ bin/rails:9
  [1m[35m (0.2ms)[0m  [1m[35mBEGIN[0m
  ↳ bin/rails:9
  [1m[35m (0.1ms)[0m  [1m[35mCOMMIT[0m
  ↳ bin/rails:9
  [1m[35m (0.3ms)[0m  [1m[34mSELECT pg_advisory_unlock(1451349145251187035)[0m
  ↳ bin/rails:9
  [1m[35m (0.4ms)[0m  [1m[34mSELECT "schema_migrations"."version" FROM "schema_migrations" ORDER BY "schema_migrations"."version" ASC[0m
  ↳ bin/rails:9
Started GET "/" for ::1 at 2020-02-10 18:21:56 -0500
  [1m[35m (1.7ms)[0m  [1m[34mSELECT "schema_migrations"."version" FROM "schema_migrations" ORDER BY "schema_migrations"."version" ASC[0m
  ↳ /Users/aracho/.rbenv/versions/2.5.1/lib/ruby/gems/2.5.0/gems/activerecord-5.2.4.1/lib/active_record/log_subscriber.rb:98
Processing by StaticPagesController#root as HTML
  Rendering static_pages/root.html.erb within layouts/application
  Rendered static_pages/root.html.erb within layouts/application (1.4ms)
Completed 200 OK in 2138ms (Views: 2128.4ms | ActiveRecord: 0.0ms)


Started GET "/" for ::1 at 2020-02-10 18:24:06 -0500
Processing by StaticPagesController#root as HTML
  Rendering static_pages/root.html.erb within layouts/application
  Rendered static_pages/root.html.erb within layouts/application (0.4ms)
Completed 200 OK in 26ms (Views: 22.7ms | ActiveRecord: 0.0ms)


Started GET "/" for ::1 at 2020-02-10 18:31:05 -0500
Processing by StaticPagesController#root as HTML
  Rendering static_pages/root.html.erb within layouts/application
  Rendered static_pages/root.html.erb within layouts/application (0.4ms)
Completed 200 OK in 26ms (Views: 23.1ms | ActiveRecord: 0.0ms)


Started GET "/" for ::1 at 2020-02-10 18:46:24 -0500
Processing by StaticPagesController#root as HTML
  Rendering static_pages/root.html.erb within layouts/application
  Rendered static_pages/root.html.erb within layouts/application (0.3ms)
Completed 200 OK in 349ms (Views: 346.3ms | ActiveRecord: 0.0ms)


Started POST "/api/users" for ::1 at 2020-02-10 18:47:43 -0500

LoadError - Unable to autoload constant Api::UsersController, expected /Users/aracho/Desktop/Ara/aA/Kangaroof/app/controllers/api/users_controller.rb to define it:

Started POST "/api/session" for ::1 at 2020-02-10 18:55:01 -0500
Processing by Api::SessionsController#create as JSON
  Parameters: {"user"=>{"email"=>"hello@gmail.com", "name"=>"ara cho", "password"=>"[FILTERED]"}}
  [1m[36mUser Load (13.7ms)[0m  [1m[34mSELECT  "users".* FROM "users" WHERE "users"."email" = $1 LIMIT $2[0m  [["email", "hello@gmail.com"], ["LIMIT", 1]]
  ↳ app/models/user.rb:13
Completed 401 Unauthorized in 40ms (Views: 0.3ms | ActiveRecord: 28.4ms)


Started GET "/" for ::1 at 2020-02-10 18:56:33 -0500
Processing by StaticPagesController#root as HTML
  Rendering static_pages/root.html.erb within layouts/application
  Rendered static_pages/root.html.erb within layouts/application (0.4ms)
Completed 200 OK in 33ms (Views: 30.2ms | ActiveRecord: 0.0ms)


Started POST "/api/users" for ::1 at 2020-02-10 18:56:41 -0500

LoadError - Unable to autoload constant Api::UsersController, expected /Users/aracho/Desktop/Ara/aA/Kangaroof/app/controllers/api/users_controller.rb to define it:

Started GET "/users" for ::1 at 2020-02-10 18:58:20 -0500
  
ActionController::RoutingError (No route matches [GET] "/users"):
  
actionpack (5.2.4.1) lib/action_dispatch/middleware/debug_exceptions.rb:65:in `call'
web-console (3.7.0) lib/web_console/middleware.rb:135:in `call_app'
web-console (3.7.0) lib/web_console/middleware.rb:30:in `block in call'
web-console (3.7.0) lib/web_console/middleware.rb:20:in `catch'
web-console (3.7.0) lib/web_console/middleware.rb:20:in `call'
actionpack (5.2.4.1) lib/action_dispatch/middleware/show_exceptions.rb:33:in `call'
railties (5.2.4.1) lib/rails/rack/logger.rb:38:in `call_app'
railties (5.2.4.1) lib/rails/rack/logger.rb:26:in `block in call'
activesupport (5.2.4.1) lib/active_support/tagged_logging.rb:71:in `block in tagged'
activesupport (5.2.4.1) lib/active_support/tagged_logging.rb:28:in `tagged'
activesupport (5.2.4.1) lib/active_support/tagged_logging.rb:71:in `tagged'
railties (5.2.4.1) lib/rails/rack/logger.rb:26:in `call'
sprockets-rails (3.2.1) lib/sprockets/rails/quiet_assets.rb:13:in `call'
actionpack (5.2.4.1) lib/action_dispatch/middleware/remote_ip.rb:81:in `call'
actionpack (5.2.4.1) lib/action_dispatch/middleware/request_id.rb:27:in `call'
rack (2.1.2) lib/rack/method_override.rb:24:in `call'
rack (2.1.2) lib/rack/runtime.rb:24:in `call'
activesupport (5.2.4.1) lib/active_support/cache/strategy/local_cache_middleware.rb:29:in `call'
actionpack (5.2.4.1) lib/action_dispatch/middleware/executor.rb:14:in `call'
actionpack (5.2.4.1) lib/action_dispatch/middleware/static.rb:127:in `call'
rack (2.1.2) lib/rack/sendfile.rb:113:in `call'
railties (5.2.4.1) lib/rails/engine.rb:524:in `call'
puma (3.12.2) lib/puma/configuration.rb:227:in `call'
puma (3.12.2) lib/puma/server.rb:674:in `handle_request'
puma (3.12.2) lib/puma/server.rb:476:in `process_client'
puma (3.12.2) lib/puma/server.rb:334:in `block in run'
puma (3.12.2) lib/puma/thread_pool.rb:135:in `block in spawn_thread'
Started GET "/" for ::1 at 2020-02-10 19:00:30 -0500
Processing by StaticPagesController#root as HTML
  Rendering static_pages/root.html.erb within layouts/application
  Rendered static_pages/root.html.erb within layouts/application (0.3ms)
Completed 200 OK in 36ms (Views: 32.7ms | ActiveRecord: 0.0ms)


Started POST "/api/users" for ::1 at 2020-02-10 19:00:55 -0500
Processing by Api::UsersController#create as JSON
  Parameters: {"user"=>{"email"=>"hello@gmail.com", "name"=>"ara cho", "password"=>"[FILTERED]"}}
Completed 500 Internal Server Error in 297ms (ActiveRecord: 17.0ms)



ArgumentError - wrong number of arguments (given 0, expected 1):
  app/models/user.rb:40:in `ensure_session_token'
  app/controllers/api/users_controller.rb:3:in `create'

  [1m[35m (0.4ms)[0m  [1m[34mSELECT pg_try_advisory_lock(1451349145251187035)[0m
  ↳ bin/rails:9
  [1m[35m (6.4ms)[0m  [1m[34mSELECT "schema_migrations"."version" FROM "schema_migrations" ORDER BY "schema_migrations"."version" ASC[0m
  ↳ bin/rails:9
Migrating to RemoveIndex (20200211000623)
  [1m[35m (0.3ms)[0m  [1m[35mBEGIN[0m
  ↳ bin/rails:9
  [1m[35m (1.3ms)[0m  [1m[35mDROP INDEX  "index_users_on_name"[0m
  ↳ db/migrate/20200211000623_remove_index.rb:3
  [1m[36mActiveRecord::SchemaMigration Create (1.6ms)[0m  [1m[32mINSERT INTO "schema_migrations" ("version") VALUES ($1) RETURNING "version"[0m  [["version", "20200211000623"]]
  ↳ bin/rails:9
  [1m[35m (2.8ms)[0m  [1m[35mCOMMIT[0m
  ↳ bin/rails:9
  [1m[36mActiveRecord::InternalMetadata Load (0.7ms)[0m  [1m[34mSELECT  "ar_internal_metadata".* FROM "ar_internal_metadata" WHERE "ar_internal_metadata"."key" = $1 LIMIT $2[0m  [["key", "environment"], ["LIMIT", 1]]
  ↳ bin/rails:9
  [1m[35m (0.2ms)[0m  [1m[35mBEGIN[0m
  ↳ bin/rails:9
  [1m[35m (0.1ms)[0m  [1m[35mCOMMIT[0m
  ↳ bin/rails:9
  [1m[35m (0.3ms)[0m  [1m[34mSELECT pg_advisory_unlock(1451349145251187035)[0m
  ↳ bin/rails:9
  [1m[35m (0.3ms)[0m  [1m[34mSELECT "schema_migrations"."version" FROM "schema_migrations" ORDER BY "schema_migrations"."version" ASC[0m
  ↳ bin/rails:9
  [1m[35m (1.0ms)[0m  [1m[34mSELECT "schema_migrations"."version" FROM "schema_migrations" ORDER BY "schema_migrations"."version" ASC[0m
  ↳ bin/rails:9
  [1m[35m (0.3ms)[0m  [1m[34mSELECT "schema_migrations"."version" FROM "schema_migrations" ORDER BY "schema_migrations"."version" ASC[0m
  ↳ bin/rails:9
  [1m[35m (0.2ms)[0m  [1m[34mSELECT "schema_migrations"."version" FROM "schema_migrations" ORDER BY "schema_migrations"."version" ASC[0m
  ↳ bin/rails:9
  [1m[35m (0.3ms)[0m  [1m[34mSELECT pg_try_advisory_lock(1451349145251187035)[0m
  ↳ bin/rails:9
  [1m[35m (0.2ms)[0m  [1m[34mSELECT "schema_migrations"."version" FROM "schema_migrations" ORDER BY "schema_migrations"."version" ASC[0m
  ↳ bin/rails:9
Migrating to RemoveIndex (20200211000623)
  [1m[35m (0.2ms)[0m  [1m[35mBEGIN[0m
  ↳ bin/rails:9
  [1m[35m (20.6ms)[0m  [1m[35mCREATE  INDEX  "index_users_on_name" ON "users"  ("name")[0m
  ↳ bin/rails:9
  [1m[36mActiveRecord::SchemaMigration Destroy (0.7ms)[0m  [1m[31mDELETE FROM "schema_migrations" WHERE "schema_migrations"."version" = $1[0m  [["version", "20200211000623"]]
  ↳ bin/rails:9
  [1m[35m (11.7ms)[0m  [1m[35mCOMMIT[0m
  ↳ bin/rails:9
  [1m[35m (0.3ms)[0m  [1m[34mSELECT pg_advisory_unlock(1451349145251187035)[0m
  ↳ bin/rails:9
  [1m[35m (0.3ms)[0m  [1m[34mSELECT "schema_migrations"."version" FROM "schema_migrations" ORDER BY "schema_migrations"."version" ASC[0m
  ↳ bin/rails:9
  [1m[35m (1.1ms)[0m  [1m[34mSELECT "schema_migrations"."version" FROM "schema_migrations" ORDER BY "schema_migrations"."version" ASC[0m
  ↳ bin/rails:9
  [1m[35m (0.3ms)[0m  [1m[34mSELECT pg_try_advisory_lock(1451349145251187035)[0m
  ↳ bin/rails:9
  [1m[35m (1.1ms)[0m  [1m[34mSELECT "schema_migrations"."version" FROM "schema_migrations" ORDER BY "schema_migrations"."version" ASC[0m
  ↳ bin/rails:9
Migrating to RemoveIndex (20200211000623)
  [1m[35m (0.3ms)[0m  [1m[35mBEGIN[0m
  ↳ bin/rails:9
  [1m[35m (0.2ms)[0m  [1m[31mROLLBACK[0m
  ↳ bin/rails:9
  [1m[35m (0.3ms)[0m  [1m[34mSELECT pg_advisory_unlock(1451349145251187035)[0m
  ↳ bin/rails:9
  [1m[35m (1.1ms)[0m  [1m[34mSELECT "schema_migrations"."version" FROM "schema_migrations" ORDER BY "schema_migrations"."version" ASC[0m
  ↳ bin/rails:9
  [1m[35m (0.3ms)[0m  [1m[34mSELECT pg_try_advisory_lock(1451349145251187035)[0m
  ↳ bin/rails:9
  [1m[35m (1.0ms)[0m  [1m[34mSELECT "schema_migrations"."version" FROM "schema_migrations" ORDER BY "schema_migrations"."version" ASC[0m
  ↳ bin/rails:9
Migrating to RemoveIndex (20200211001035)
  [1m[35m (0.2ms)[0m  [1m[35mBEGIN[0m
  ↳ bin/rails:9
  [1m[35m (1.1ms)[0m  [1m[35mDROP INDEX  "index_users_on_name"[0m
  ↳ db/migrate/20200211001035_remove_index.rb:3
  [1m[35m (7.5ms)[0m  [1m[35mCREATE UNIQUE INDEX  "index_users_on_email" ON "users"  ("email")[0m
  ↳ db/migrate/20200211001035_remove_index.rb:4
  [1m[36mActiveRecord::SchemaMigration Create (0.6ms)[0m  [1m[32mINSERT INTO "schema_migrations" ("version") VALUES ($1) RETURNING "version"[0m  [["version", "20200211001035"]]
  ↳ bin/rails:9
  [1m[35m (6.0ms)[0m  [1m[35mCOMMIT[0m
  ↳ bin/rails:9
  [1m[36mActiveRecord::InternalMetadata Load (0.5ms)[0m  [1m[34mSELECT  "ar_internal_metadata".* FROM "ar_internal_metadata" WHERE "ar_internal_metadata"."key" = $1 LIMIT $2[0m  [["key", "environment"], ["LIMIT", 1]]
  ↳ bin/rails:9
  [1m[35m (0.2ms)[0m  [1m[35mBEGIN[0m
  ↳ bin/rails:9
  [1m[35m (0.1ms)[0m  [1m[35mCOMMIT[0m
  ↳ bin/rails:9
  [1m[35m (0.3ms)[0m  [1m[34mSELECT pg_advisory_unlock(1451349145251187035)[0m
  ↳ bin/rails:9
  [1m[35m (0.3ms)[0m  [1m[34mSELECT "schema_migrations"."version" FROM "schema_migrations" ORDER BY "schema_migrations"."version" ASC[0m
  ↳ bin/rails:9
Started GET "/" for ::1 at 2020-02-10 19:13:57 -0500
  [1m[35m (1.2ms)[0m  [1m[34mSELECT "schema_migrations"."version" FROM "schema_migrations" ORDER BY "schema_migrations"."version" ASC[0m
  ↳ /Users/aracho/.rbenv/versions/2.5.1/lib/ruby/gems/2.5.0/gems/activerecord-5.2.4.1/lib/active_record/log_subscriber.rb:98
Processing by StaticPagesController#root as HTML
  Rendering static_pages/root.html.erb within layouts/application
  Rendered static_pages/root.html.erb within layouts/application (0.4ms)
Completed 200 OK in 41ms (Views: 38.0ms | ActiveRecord: 0.0ms)


Started POST "/api/users" for ::1 at 2020-02-10 19:14:07 -0500
Processing by Api::UsersController#create as JSON
  Parameters: {"user"=>{"email"=>"hello@gmail.com", "name"=>"ara cho", "password"=>"[FILTERED]"}}
Completed 500 Internal Server Error in 306ms (ActiveRecord: 11.7ms)



ArgumentError - wrong number of arguments (given 0, expected 1):
  app/models/user.rb:40:in `ensure_session_token'
  app/controllers/api/users_controller.rb:3:in `create'

Started GET "/" for ::1 at 2020-02-10 19:14:33 -0500
Processing by StaticPagesController#root as HTML
  Rendering static_pages/root.html.erb within layouts/application
  Rendered static_pages/root.html.erb within layouts/application (0.4ms)
Completed 200 OK in 27ms (Views: 24.4ms | ActiveRecord: 0.0ms)


Started POST "/api/users" for ::1 at 2020-02-10 19:15:17 -0500
Processing by Api::UsersController#create as JSON
  Parameters: {"user"=>{"email"=>"ara@gmail.com", "name"=>"ara2", "password"=>"[FILTERED]"}}
Completed 500 Internal Server Error in 133979ms (ActiveRecord: 7.0ms)



ArgumentError - wrong number of arguments (given 0, expected 1):
  app/models/user.rb:40:in `ensure_session_token'
  app/controllers/api/users_controller.rb:4:in `create'

Started GET "/" for ::1 at 2020-02-10 19:22:34 -0500
  [1m[35m (1.6ms)[0m  [1m[34mSELECT "schema_migrations"."version" FROM "schema_migrations" ORDER BY "schema_migrations"."version" ASC[0m
  ↳ /Users/aracho/.rbenv/versions/2.5.1/lib/ruby/gems/2.5.0/gems/activerecord-5.2.4.1/lib/active_record/log_subscriber.rb:98
Processing by StaticPagesController#root as HTML
  Rendering static_pages/root.html.erb within layouts/application
  Rendered static_pages/root.html.erb within layouts/application (1.5ms)
Completed 200 OK in 1364ms (Views: 1356.4ms | ActiveRecord: 0.0ms)


Started GET "/" for ::1 at 2020-02-10 19:23:43 -0500
Processing by StaticPagesController#root as HTML
  Rendering static_pages/root.html.erb within layouts/application
  Rendered static_pages/root.html.erb within layouts/application (0.4ms)
Completed 200 OK in 370ms (Views: 367.0ms | ActiveRecord: 0.0ms)


Started POST "/api/users" for ::1 at 2020-02-10 19:23:51 -0500
Processing by Api::UsersController#create as JSON
  Parameters: {"user"=>{"email"=>"ara@gmail.com", "name"=>"ara2", "password"=>"[FILTERED]"}}
  [1m[35m (0.3ms)[0m  [1m[35mBEGIN[0m
  ↳ app/controllers/api/users_controller.rb:6
  [1m[36mUser Exists (3.0ms)[0m  [1m[34mSELECT  1 AS one FROM "users" WHERE "users"."email" = $1 LIMIT $2[0m  [["email", "ara@gmail.com"], ["LIMIT", 1]]
  ↳ app/controllers/api/users_controller.rb:6
  [1m[36mUser Create (7.6ms)[0m  [1m[32mINSERT INTO "users" ("name", "email", "password_digest", "session_token", "created_at", "updated_at") VALUES ($1, $2, $3, $4, $5, $6) RETURNING "id"[0m  [["name", "ara2"], ["email", "ara@gmail.com"], ["password_digest", "$2a$12$CO5yNoIG8dxM0HOZulAKteeRtMsU2Iekirk.znsb.9MQzcLYnlqz."], ["session_token", "N7ijpYrP_7glWxGdBD0BCg"], ["created_at", "2020-02-11 00:23:52.269885"], ["updated_at", "2020-02-11 00:23:52.269885"]]
  ↳ app/controllers/api/users_controller.rb:6
  [1m[35m (12.4ms)[0m  [1m[35mCOMMIT[0m
  ↳ app/controllers/api/users_controller.rb:6
Completed 500 Internal Server Error in 341ms (ActiveRecord: 30.5ms)



NoMethodError - undefined method `reset_session_token!' for #<User:0x00007fcc7307a390>
Did you mean?  reset_session_tojen!
               restore_session_token!:
  app/controllers/application_controller.rb:23:in `login!'
  app/controllers/api/users_controller.rb:8:in `create'

Started GET "/" for ::1 at 2020-02-10 19:24:37 -0500
Processing by StaticPagesController#root as HTML
  Rendering static_pages/root.html.erb within layouts/application
  Rendered static_pages/root.html.erb within layouts/application (0.3ms)
Completed 200 OK in 353ms (Views: 350.5ms | ActiveRecord: 0.0ms)


Started POST "/api/users" for ::1 at 2020-02-10 19:24:57 -0500
Processing by Api::UsersController#create as JSON
  Parameters: {"user"=>{"email"=>"ara@gmail.com", "name"=>"ara2", "password"=>"[FILTERED]"}}
  [1m[35m (0.3ms)[0m  [1m[35mBEGIN[0m
  ↳ app/controllers/api/users_controller.rb:6
  [1m[36mUser Exists (0.6ms)[0m  [1m[34mSELECT  1 AS one FROM "users" WHERE "users"."email" = $1 LIMIT $2[0m  [["email", "ara@gmail.com"], ["LIMIT", 1]]
  ↳ app/controllers/api/users_controller.rb:6
  [1m[35m (0.3ms)[0m  [1m[31mROLLBACK[0m
  ↳ app/controllers/api/users_controller.rb:6
Completed 422 Unprocessable Entity in 32737ms (ActiveRecord: 7.3ms)



ActiveRecord::RecordInvalid - Validation failed: Email has already been taken:
  app/controllers/api/users_controller.rb:6:in `create'

Started GET "/" for ::1 at 2020-02-10 19:25:57 -0500
Processing by StaticPagesController#root as HTML
  Rendering static_pages/root.html.erb within layouts/application
  Rendered static_pages/root.html.erb within layouts/application (0.4ms)
Completed 200 OK in 29ms (Views: 24.3ms | ActiveRecord: 0.0ms)


Started POST "/api/users" for ::1 at 2020-02-10 19:26:15 -0500
Processing by Api::UsersController#create as JSON
  Parameters: {"user"=>{"email"=>"ara2@gmail.com", "name"=>"ara2", "password"=>"[FILTERED]"}}
  [1m[35m (0.3ms)[0m  [1m[35mBEGIN[0m
  ↳ app/controllers/api/users_controller.rb:6
  [1m[36mUser Exists (0.5ms)[0m  [1m[34mSELECT  1 AS one FROM "users" WHERE "users"."email" = $1 LIMIT $2[0m  [["email", "ara2@gmail.com"], ["LIMIT", 1]]
  ↳ app/controllers/api/users_controller.rb:6
  [1m[36mUser Create (0.5ms)[0m  [1m[32mINSERT INTO "users" ("name", "email", "password_digest", "session_token", "created_at", "updated_at") VALUES ($1, $2, $3, $4, $5, $6) RETURNING "id"[0m  [["name", "ara2"], ["email", "ara2@gmail.com"], ["password_digest", "$2a$12$PW2AES5jwZ/w4..RDP8Z4e.RJpMMJ8EvOQDDWU1tYQv5PLwN0uMTO"], ["session_token", "jn5qTyfI7O5nKRHLzdU-Qg"], ["created_at", "2020-02-11 00:26:37.554949"], ["updated_at", "2020-02-11 00:26:37.554949"]]
  ↳ app/controllers/api/users_controller.rb:6
  [1m[35m (6.2ms)[0m  [1m[35mCOMMIT[0m
  ↳ app/controllers/api/users_controller.rb:6
Completed 500 Internal Server Error in 33184ms (ActiveRecord: 7.5ms)



NoMethodError - undefined method `reset_session_token!' for #<User:0x00007fcc72173a18>
Did you mean?  reset_session_tojen!
               restore_session_token!:
  app/controllers/application_controller.rb:23:in `login!'
  app/controllers/api/users_controller.rb:8:in `create'

Started GET "/" for ::1 at 2020-02-10 19:27:40 -0500
Processing by StaticPagesController#root as HTML
  Rendering static_pages/root.html.erb within layouts/application
  Rendered static_pages/root.html.erb within layouts/application (0.3ms)
Completed 200 OK in 44ms (Views: 40.5ms | ActiveRecord: 0.0ms)


Started POST "/api/users" for ::1 at 2020-02-10 19:27:50 -0500
Processing by Api::UsersController#create as JSON
  Parameters: {"user"=>{"email"=>"ara2@gmail.com", "name"=>"ara2", "password"=>"[FILTERED]"}}
  [1m[35m (0.2ms)[0m  [1m[35mBEGIN[0m
  ↳ app/controllers/api/users_controller.rb:6
  [1m[36mUser Exists (1.6ms)[0m  [1m[34mSELECT  1 AS one FROM "users" WHERE "users"."email" = $1 LIMIT $2[0m  [["email", "ara2@gmail.com"], ["LIMIT", 1]]
  ↳ app/controllers/api/users_controller.rb:6
  [1m[35m (0.3ms)[0m  [1m[31mROLLBACK[0m
  ↳ app/controllers/api/users_controller.rb:6
Completed 422 Unprocessable Entity in 6302ms (ActiveRecord: 11.0ms)



ActiveRecord::RecordInvalid - Validation failed: Email has already been taken:
  app/controllers/api/users_controller.rb:6:in `create'

Started GET "/" for ::1 at 2020-02-10 19:28:06 -0500
Processing by StaticPagesController#root as HTML
  Rendering static_pages/root.html.erb within layouts/application
  Rendered static_pages/root.html.erb within layouts/application (0.4ms)
Completed 200 OK in 38ms (Views: 33.8ms | ActiveRecord: 0.0ms)


Started POST "/api/users" for ::1 at 2020-02-10 19:28:21 -0500
Processing by Api::UsersController#create as JSON
  Parameters: {"user"=>{"email"=>"ara3@gmail.com", "name"=>"ara2", "password"=>"[FILTERED]"}}
  [1m[35m (0.2ms)[0m  [1m[35mBEGIN[0m
  ↳ app/controllers/api/users_controller.rb:6
  [1m[36mUser Exists (0.7ms)[0m  [1m[34mSELECT  1 AS one FROM "users" WHERE "users"."email" = $1 LIMIT $2[0m  [["email", "ara3@gmail.com"], ["LIMIT", 1]]
  ↳ app/controllers/api/users_controller.rb:6
  [1m[36mUser Create (0.6ms)[0m  [1m[32mINSERT INTO "users" ("name", "email", "password_digest", "session_token", "created_at", "updated_at") VALUES ($1, $2, $3, $4, $5, $6) RETURNING "id"[0m  [["name", "ara2"], ["email", "ara3@gmail.com"], ["password_digest", "$2a$12$rERrAYo2ODDHcu92vfeZn.WpsS1v9IABJuLgkH047x1EUvRPVGQDi"], ["session_token", "rIUU5PY40xs-iVEuy3xbIw"], ["created_at", "2020-02-11 00:28:26.438015"], ["updated_at", "2020-02-11 00:28:26.438015"]]
  ↳ app/controllers/api/users_controller.rb:6
  [1m[35m (6.1ms)[0m  [1m[35mCOMMIT[0m
  ↳ app/controllers/api/users_controller.rb:6
  [1m[35m (0.2ms)[0m  [1m[35mBEGIN[0m
  ↳ app/models/user.rb:34
  [1m[36mUser Exists (18.0ms)[0m  [1m[34mSELECT  1 AS one FROM "users" WHERE "users"."email" = $1 AND "users"."id" != $2 LIMIT $3[0m  [["email", "ara3@gmail.com"], ["id", 3], ["LIMIT", 1]]
  ↳ app/models/user.rb:34
  [1m[36mUser Update (0.6ms)[0m  [1m[33mUPDATE "users" SET "session_token" = $1, "updated_at" = $2 WHERE "users"."id" = $3[0m  [["session_token", "IHjqHdGI9yawj3xOzacfUg"], ["updated_at", "2020-02-11 00:28:30.151713"], ["id", 3]]
  ↳ app/models/user.rb:34
  [1m[35m (5.0ms)[0m  [1m[35mCOMMIT[0m
  ↳ app/models/user.rb:34
  Rendering api/users/show.json.jbuilder
  Rendered api/users/_user.json.jbuilder (0.4ms)
  Rendered api/users/show.json.jbuilder (2.2ms)
Completed 200 OK in 8457ms (Views: 13.9ms | ActiveRecord: 31.3ms)


Started GET "/" for ::1 at 2020-02-10 19:29:48 -0500
Processing by StaticPagesController#root as HTML
  Rendering static_pages/root.html.erb within layouts/application
  Rendered static_pages/root.html.erb within layouts/application (0.3ms)
Completed 200 OK in 41ms (Views: 38.0ms | ActiveRecord: 0.0ms)


Started POST "/api/users" for ::1 at 2020-02-10 19:29:48 -0500
Processing by Api::UsersController#create as JSON
  Parameters: {"user"=>{"email"=>"ara4@gmail.com", "name"=>"ara2", "password"=>"[FILTERED]"}}
  [1m[35m (0.3ms)[0m  [1m[35mBEGIN[0m
  ↳ app/controllers/api/users_controller.rb:6
  [1m[36mUser Exists (0.4ms)[0m  [1m[34mSELECT  1 AS one FROM "users" WHERE "users"."email" = $1 LIMIT $2[0m  [["email", "ara4@gmail.com"], ["LIMIT", 1]]
  ↳ app/controllers/api/users_controller.rb:6
  [1m[36mUser Create (0.8ms)[0m  [1m[32mINSERT INTO "users" ("name", "email", "password_digest", "session_token", "created_at", "updated_at") VALUES ($1, $2, $3, $4, $5, $6) RETURNING "id"[0m  [["name", "ara2"], ["email", "ara4@gmail.com"], ["password_digest", "$2a$12$KlCIi/du6VJSGB/9HVToKOoUSB1aU5AZ9FLIINHO84yAjl/nYD3Pi"], ["session_token", "F7JA0C1nyYyxSfyPKW5WNg"], ["created_at", "2020-02-11 00:29:48.612542"], ["updated_at", "2020-02-11 00:29:48.612542"]]
  ↳ app/controllers/api/users_controller.rb:6
  [1m[35m (0.7ms)[0m  [1m[35mCOMMIT[0m
  ↳ app/controllers/api/users_controller.rb:6
  [1m[35m (0.2ms)[0m  [1m[35mBEGIN[0m
  ↳ app/models/user.rb:34
  [1m[36mUser Exists (0.8ms)[0m  [1m[34mSELECT  1 AS one FROM "users" WHERE "users"."email" = $1 AND "users"."id" != $2 LIMIT $3[0m  [["email", "ara4@gmail.com"], ["id", 4], ["LIMIT", 1]]
  ↳ app/models/user.rb:34
  [1m[36mUser Update (0.6ms)[0m  [1m[33mUPDATE "users" SET "session_token" = $1, "updated_at" = $2 WHERE "users"."id" = $3[0m  [["session_token", "FvU3aW-AHNDcjQgfpQ5_1w"], ["updated_at", "2020-02-11 00:29:48.618976"], ["id", 4]]
  ↳ app/models/user.rb:34
  [1m[35m (0.3ms)[0m  [1m[35mCOMMIT[0m
  ↳ app/models/user.rb:34
  Rendering api/users/show.json.jbuilder
  Rendered api/users/_user.json.jbuilder (0.6ms)
  Rendered api/users/show.json.jbuilder (2.8ms)
Completed 200 OK in 331ms (Views: 12.5ms | ActiveRecord: 11.4ms)


Started POST "/api/users" for ::1 at 2020-02-10 19:29:55 -0500
Processing by Api::UsersController#create as JSON
  Parameters: {"user"=>{"email"=>"ara4@gmail.com", "name"=>"ara2", "password"=>"[FILTERED]"}}
  [1m[35m (0.2ms)[0m  [1m[35mBEGIN[0m
  ↳ app/controllers/api/users_controller.rb:6
  [1m[36mUser Exists (0.5ms)[0m  [1m[34mSELECT  1 AS one FROM "users" WHERE "users"."email" = $1 LIMIT $2[0m  [["email", "ara4@gmail.com"], ["LIMIT", 1]]
  ↳ app/controllers/api/users_controller.rb:6
  [1m[35m (0.2ms)[0m  [1m[31mROLLBACK[0m
  ↳ app/controllers/api/users_controller.rb:6
Completed 422 Unprocessable Entity in 268ms (ActiveRecord: 1.0ms)



ActiveRecord::RecordInvalid - Validation failed: Email has already been taken:
  app/controllers/api/users_controller.rb:6:in `create'

Started GET "/" for ::1 at 2020-02-10 19:30:11 -0500
Processing by StaticPagesController#root as HTML
  Rendering static_pages/root.html.erb within layouts/application
  Rendered static_pages/root.html.erb within layouts/application (0.3ms)
Completed 200 OK in 31ms (Views: 26.6ms | ActiveRecord: 0.0ms)


Started POST "/api/users" for ::1 at 2020-02-10 19:30:20 -0500
Processing by Api::UsersController#create as JSON
  Parameters: {"user"=>{"email"=>"ara5@gmail.com", "name"=>"ara2", "password"=>"[FILTERED]"}}
  [1m[35m (0.2ms)[0m  [1m[35mBEGIN[0m
  ↳ app/controllers/api/users_controller.rb:6
  [1m[36mUser Exists (0.5ms)[0m  [1m[34mSELECT  1 AS one FROM "users" WHERE "users"."email" = $1 LIMIT $2[0m  [["email", "ara5@gmail.com"], ["LIMIT", 1]]
  ↳ app/controllers/api/users_controller.rb:6
  [1m[36mUser Create (0.4ms)[0m  [1m[32mINSERT INTO "users" ("name", "email", "password_digest", "session_token", "created_at", "updated_at") VALUES ($1, $2, $3, $4, $5, $6) RETURNING "id"[0m  [["name", "ara2"], ["email", "ara5@gmail.com"], ["password_digest", "$2a$12$NVnJGu/SsqKEBU6hWo8hROMvuAf8DppYzjrMKhYVMkD1lbIEiCose"], ["session_token", "6iW_ORi1UYpBgMSSz7gYGw"], ["created_at", "2020-02-11 00:30:20.907797"], ["updated_at", "2020-02-11 00:30:20.907797"]]
  ↳ app/controllers/api/users_controller.rb:6
  [1m[35m (1.9ms)[0m  [1m[35mCOMMIT[0m
  ↳ app/controllers/api/users_controller.rb:6
  [1m[35m (0.2ms)[0m  [1m[35mBEGIN[0m
  ↳ app/models/user.rb:34
  [1m[36mUser Exists (0.5ms)[0m  [1m[34mSELECT  1 AS one FROM "users" WHERE "users"."email" = $1 AND "users"."id" != $2 LIMIT $3[0m  [["email", "ara5@gmail.com"], ["id", 5], ["LIMIT", 1]]
  ↳ app/models/user.rb:34
  [1m[36mUser Update (0.4ms)[0m  [1m[33mUPDATE "users" SET "session_token" = $1, "updated_at" = $2 WHERE "users"."id" = $3[0m  [["session_token", "0kRarO0no9bN5JE74mZGYA"], ["updated_at", "2020-02-11 00:30:20.913780"], ["id", 5]]
  ↳ app/models/user.rb:34
  [1m[35m (0.4ms)[0m  [1m[35mCOMMIT[0m
  ↳ app/models/user.rb:34
  Rendering api/users/show.json.jbuilder
  Rendered api/users/_user.json.jbuilder (0.6ms)
  Rendered api/users/show.json.jbuilder (2.8ms)
Completed 200 OK in 294ms (Views: 11.8ms | ActiveRecord: 4.5ms)


Started DELETE "/api/session" for ::1 at 2020-02-10 19:30:50 -0500
Processing by Api::SessionsController#destroy as JSON
  [1m[36mUser Load (0.3ms)[0m  [1m[34mSELECT  "users".* FROM "users" WHERE "users"."session_token" = $1 LIMIT $2[0m  [["session_token", "0kRarO0no9bN5JE74mZGYA"], ["LIMIT", 1]]
  ↳ app/controllers/application_controller.rb:11
  [1m[35m (0.2ms)[0m  [1m[35mBEGIN[0m
  ↳ app/models/user.rb:34
  [1m[36mUser Exists (0.4ms)[0m  [1m[34mSELECT  1 AS one FROM "users" WHERE "users"."email" = $1 AND "users"."id" != $2 LIMIT $3[0m  [["email", "ara5@gmail.com"], ["id", 5], ["LIMIT", 1]]
  ↳ app/models/user.rb:34
  [1m[36mUser Update (0.4ms)[0m  [1m[33mUPDATE "users" SET "session_token" = $1, "updated_at" = $2 WHERE "users"."id" = $3[0m  [["session_token", "ix1z4FH5CVqDwqt5yGlxzw"], ["updated_at", "2020-02-11 00:30:50.953744"], ["id", 5]]
  ↳ app/models/user.rb:34
  [1m[35m (6.4ms)[0m  [1m[35mCOMMIT[0m
  ↳ app/models/user.rb:34
Completed 200 OK in 15ms (Views: 0.2ms | ActiveRecord: 8.0ms)


Started POST "/api/session" for ::1 at 2020-02-10 19:31:05 -0500
Processing by Api::SessionsController#create as JSON
  Parameters: {"user"=>{"email"=>"ara5@gmail.com", "name"=>"ara2", "password"=>"[FILTERED]"}}
  [1m[36mUser Load (0.4ms)[0m  [1m[34mSELECT  "users".* FROM "users" WHERE "users"."email" = $1 LIMIT $2[0m  [["email", "ara5@gmail.com"], ["LIMIT", 1]]
  ↳ app/models/user.rb:13
  [1m[35m (0.3ms)[0m  [1m[35mBEGIN[0m
  ↳ app/models/user.rb:34
  [1m[36mUser Exists (0.5ms)[0m  [1m[34mSELECT  1 AS one FROM "users" WHERE "users"."email" = $1 AND "users"."id" != $2 LIMIT $3[0m  [["email", "ara5@gmail.com"], ["id", 5], ["LIMIT", 1]]
  ↳ app/models/user.rb:34
  [1m[36mUser Update (0.6ms)[0m  [1m[33mUPDATE "users" SET "session_token" = $1, "updated_at" = $2 WHERE "users"."id" = $3[0m  [["session_token", "5Kp6s-2TwfR8bnAa0TiHpQ"], ["updated_at", "2020-02-11 00:31:05.768831"], ["id", 5]]
  ↳ app/models/user.rb:34
  [1m[35m (1.9ms)[0m  [1m[35mCOMMIT[0m
  ↳ app/models/user.rb:34
  Rendering api/users/show.json.jbuilder
  Rendered api/users/_user.json.jbuilder (0.4ms)
  Rendered api/users/show.json.jbuilder (1.7ms)
Completed 200 OK in 286ms (Views: 11.9ms | ActiveRecord: 3.8ms)


Started DELETE "/api/session" for ::1 at 2020-02-10 19:31:14 -0500
Processing by Api::SessionsController#destroy as JSON
  [1m[36mUser Load (0.5ms)[0m  [1m[34mSELECT  "users".* FROM "users" WHERE "users"."session_token" = $1 LIMIT $2[0m  [["session_token", "5Kp6s-2TwfR8bnAa0TiHpQ"], ["LIMIT", 1]]
  ↳ app/controllers/application_controller.rb:11
  [1m[35m (0.2ms)[0m  [1m[35mBEGIN[0m
  ↳ app/models/user.rb:34
  [1m[36mUser Exists (0.4ms)[0m  [1m[34mSELECT  1 AS one FROM "users" WHERE "users"."email" = $1 AND "users"."id" != $2 LIMIT $3[0m  [["email", "ara5@gmail.com"], ["id", 5], ["LIMIT", 1]]
  ↳ app/models/user.rb:34
  [1m[36mUser Update (0.5ms)[0m  [1m[33mUPDATE "users" SET "session_token" = $1, "updated_at" = $2 WHERE "users"."id" = $3[0m  [["session_token", "D48MbILf4ROnzB_TIMxutQ"], ["updated_at", "2020-02-11 00:31:14.472203"], ["id", 5]]
  ↳ app/models/user.rb:34
  [1m[35m (1.7ms)[0m  [1m[35mCOMMIT[0m
  ↳ app/models/user.rb:34
Completed 200 OK in 8ms (Views: 0.1ms | ActiveRecord: 3.3ms)


Started GET "/" for ::1 at 2020-02-10 19:55:11 -0500
Processing by StaticPagesController#root as HTML
  Rendering static_pages/root.html.erb within layouts/application
  Rendered static_pages/root.html.erb within layouts/application (0.4ms)
Completed 200 OK in 372ms (Views: 368.8ms | ActiveRecord: 0.0ms)


Started GET "/" for ::1 at 2020-02-10 19:59:16 -0500
Processing by StaticPagesController#root as HTML
  Rendering static_pages/root.html.erb within layouts/application
  Rendered static_pages/root.html.erb within layouts/application (0.4ms)
Completed 200 OK in 404ms (Views: 400.7ms | ActiveRecord: 0.0ms)


Started GET "/" for ::1 at 2020-02-10 19:59:42 -0500
Processing by StaticPagesController#root as HTML
  Rendering static_pages/root.html.erb within layouts/application
  Rendered static_pages/root.html.erb within layouts/application (0.3ms)
Completed 200 OK in 415ms (Views: 412.4ms | ActiveRecord: 0.0ms)


Started GET "/" for ::1 at 2020-02-10 20:04:24 -0500
Processing by StaticPagesController#root as HTML
  Rendering static_pages/root.html.erb within layouts/application
  Rendered static_pages/root.html.erb within layouts/application (0.3ms)
Completed 200 OK in 413ms (Views: 409.9ms | ActiveRecord: 0.0ms)


Started GET "/" for ::1 at 2020-02-10 20:27:54 -0500
Processing by StaticPagesController#root as HTML
  Rendering static_pages/root.html.erb within layouts/application
  Rendered static_pages/root.html.erb within layouts/application (2.6ms)
Completed 200 OK in 469ms (Views: 460.8ms | ActiveRecord: 0.0ms)


Started GET "/" for ::1 at 2020-02-10 20:28:23 -0500
Processing by StaticPagesController#root as HTML
  Rendering static_pages/root.html.erb within layouts/application
  Rendered static_pages/root.html.erb within layouts/application (2.3ms)
Completed 200 OK in 473ms (Views: 466.5ms | ActiveRecord: 0.0ms)


Started GET "/" for ::1 at 2020-02-10 20:29:16 -0500
Processing by StaticPagesController#root as HTML
  Rendering static_pages/root.html.erb within layouts/application
  Rendered static_pages/root.html.erb within layouts/application (0.4ms)
Completed 200 OK in 495ms (Views: 491.7ms | ActiveRecord: 0.0ms)


Started GET "/" for ::1 at 2020-02-10 20:34:29 -0500
Processing by StaticPagesController#root as HTML
  Rendering static_pages/root.html.erb within layouts/application
  Rendered static_pages/root.html.erb within layouts/application (1.5ms)
Completed 200 OK in 59ms (Views: 54.2ms | ActiveRecord: 0.0ms)


Started GET "/" for ::1 at 2020-02-10 20:35:50 -0500
Processing by StaticPagesController#root as HTML
  Rendering static_pages/root.html.erb within layouts/application
  Rendered static_pages/root.html.erb within layouts/application (3.1ms)
Completed 200 OK in 584ms (Views: 572.9ms | ActiveRecord: 0.0ms)


Started GET "/" for ::1 at 2020-02-10 20:38:32 -0500
Processing by StaticPagesController#root as HTML
  Rendering static_pages/root.html.erb within layouts/application
  Rendered static_pages/root.html.erb within layouts/application (0.4ms)
Completed 200 OK in 411ms (Views: 407.8ms | ActiveRecord: 0.0ms)


Started GET "/" for ::1 at 2020-02-10 20:40:15 -0500
Processing by StaticPagesController#root as HTML
  Rendering static_pages/root.html.erb within layouts/application
  Rendered static_pages/root.html.erb within layouts/application (0.4ms)
Completed 200 OK in 403ms (Views: 399.9ms | ActiveRecord: 0.0ms)


Started GET "/" for ::1 at 2020-02-10 20:40:56 -0500
Processing by StaticPagesController#root as HTML
  Rendering static_pages/root.html.erb within layouts/application
  Rendered static_pages/root.html.erb within layouts/application (0.4ms)
Completed 200 OK in 413ms (Views: 409.5ms | ActiveRecord: 0.0ms)


Started POST "/api/users" for ::1 at 2020-02-10 20:41:18 -0500
Processing by Api::UsersController#create as JSON
  Parameters: {"user"=>{"email"=>"aaa@test.com", "name"=>"John Fill", "password"=>"[FILTERED]"}}
  [1m[35m (0.2ms)[0m  [1m[35mBEGIN[0m
  ↳ app/controllers/api/users_controller.rb:6
  [1m[36mUser Exists (6.8ms)[0m  [1m[34mSELECT  1 AS one FROM "users" WHERE "users"."email" = $1 LIMIT $2[0m  [["email", "aaa@test.com"], ["LIMIT", 1]]
  ↳ app/controllers/api/users_controller.rb:6
  [1m[36mUser Create (1.0ms)[0m  [1m[32mINSERT INTO "users" ("name", "email", "password_digest", "session_token", "created_at", "updated_at") VALUES ($1, $2, $3, $4, $5, $6) RETURNING "id"[0m  [["name", "John Fill"], ["email", "aaa@test.com"], ["password_digest", "$2a$12$6X0ub6drA21u9POvzWBL9OzpV.r05bXURgBsXo0NsvwNY9mdYxgPm"], ["session_token", "HpevjrXuMDH0k9XRXQxXPQ"], ["created_at", "2020-02-11 01:41:18.704055"], ["updated_at", "2020-02-11 01:41:18.704055"]]
  ↳ app/controllers/api/users_controller.rb:6
  [1m[35m (0.5ms)[0m  [1m[35mCOMMIT[0m
  ↳ app/controllers/api/users_controller.rb:6
  [1m[35m (0.1ms)[0m  [1m[35mBEGIN[0m
  ↳ app/models/user.rb:34
  [1m[36mUser Exists (0.6ms)[0m  [1m[34mSELECT  1 AS one FROM "users" WHERE "users"."email" = $1 AND "users"."id" != $2 LIMIT $3[0m  [["email", "aaa@test.com"], ["id", 6], ["LIMIT", 1]]
  ↳ app/models/user.rb:34
  [1m[36mUser Update (0.6ms)[0m  [1m[33mUPDATE "users" SET "session_token" = $1, "updated_at" = $2 WHERE "users"."id" = $3[0m  [["session_token", "jVMF2vxk2mTaEfz5wEKLdA"], ["updated_at", "2020-02-11 01:41:18.710075"], ["id", 6]]
  ↳ app/models/user.rb:34
  [1m[35m (0.3ms)[0m  [1m[35mCOMMIT[0m
  ↳ app/models/user.rb:34
  Rendering api/users/show.json.jbuilder
  Rendered api/users/_user.json.jbuilder (0.4ms)
  Rendered api/users/show.json.jbuilder (2.6ms)
Completed 200 OK in 313ms (Views: 11.7ms | ActiveRecord: 10.2ms)


Started GET "/" for ::1 at 2020-02-10 20:41:40 -0500
Processing by StaticPagesController#root as HTML
  Rendering static_pages/root.html.erb within layouts/application
  Rendered static_pages/root.html.erb within layouts/application (0.4ms)
Completed 200 OK in 399ms (Views: 396.1ms | ActiveRecord: 0.0ms)


Started POST "/api/session" for ::1 at 2020-02-10 20:41:53 -0500
Processing by Api::SessionsController#create as JSON
  Parameters: {"user"=>{"email"=>"aaa@test.com", "name"=>"", "password"=>"[FILTERED]"}}
  [1m[36mUser Load (0.4ms)[0m  [1m[34mSELECT  "users".* FROM "users" WHERE "users"."email" = $1 LIMIT $2[0m  [["email", "aaa@test.com"], ["LIMIT", 1]]
  ↳ app/models/user.rb:13
  [1m[35m (0.2ms)[0m  [1m[35mBEGIN[0m
  ↳ app/models/user.rb:34
  [1m[36mUser Exists (0.6ms)[0m  [1m[34mSELECT  1 AS one FROM "users" WHERE "users"."email" = $1 AND "users"."id" != $2 LIMIT $3[0m  [["email", "aaa@test.com"], ["id", 6], ["LIMIT", 1]]
  ↳ app/models/user.rb:34
  [1m[36mUser Update (0.5ms)[0m  [1m[33mUPDATE "users" SET "session_token" = $1, "updated_at" = $2 WHERE "users"."id" = $3[0m  [["session_token", "27WTVwfy4O7Djykru-hLOg"], ["updated_at", "2020-02-11 01:41:53.356200"], ["id", 6]]
  ↳ app/models/user.rb:34
  [1m[35m (1.8ms)[0m  [1m[35mCOMMIT[0m
  ↳ app/models/user.rb:34
  Rendering api/users/show.json.jbuilder
  Rendered api/users/_user.json.jbuilder (0.5ms)
  Rendered api/users/show.json.jbuilder (2.5ms)
Completed 200 OK in 309ms (Views: 12.0ms | ActiveRecord: 3.8ms)


Started DELETE "/api/session" for ::1 at 2020-02-10 20:42:08 -0500
Processing by Api::SessionsController#destroy as JSON
  [1m[36mUser Load (0.4ms)[0m  [1m[34mSELECT  "users".* FROM "users" WHERE "users"."session_token" = $1 LIMIT $2[0m  [["session_token", "27WTVwfy4O7Djykru-hLOg"], ["LIMIT", 1]]
  ↳ app/controllers/application_controller.rb:11
  [1m[35m (0.1ms)[0m  [1m[35mBEGIN[0m
  ↳ app/models/user.rb:34
  [1m[36mUser Exists (0.5ms)[0m  [1m[34mSELECT  1 AS one FROM "users" WHERE "users"."email" = $1 AND "users"."id" != $2 LIMIT $3[0m  [["email", "aaa@test.com"], ["id", 6], ["LIMIT", 1]]
  ↳ app/models/user.rb:34
  [1m[36mUser Update (0.5ms)[0m  [1m[33mUPDATE "users" SET "session_token" = $1, "updated_at" = $2 WHERE "users"."id" = $3[0m  [["session_token", "tW4kBMFJbECCQjGdcLi_Bg"], ["updated_at", "2020-02-11 01:42:08.444939"], ["id", 6]]
  ↳ app/models/user.rb:34
  [1m[35m (5.9ms)[0m  [1m[35mCOMMIT[0m
  ↳ app/models/user.rb:34
Completed 200 OK in 12ms (Views: 0.2ms | ActiveRecord: 7.4ms)


Started POST "/api/session" for ::1 at 2020-02-10 20:43:22 -0500
Processing by Api::SessionsController#create as JSON
  Parameters: {"user"=>{"email"=>"aaa@test.com", "name"=>"", "password"=>"[FILTERED]"}}
  [1m[36mUser Load (0.6ms)[0m  [1m[34mSELECT  "users".* FROM "users" WHERE "users"."email" = $1 LIMIT $2[0m  [["email", "aaa@test.com"], ["LIMIT", 1]]
  ↳ app/models/user.rb:13
  [1m[35m (0.2ms)[0m  [1m[35mBEGIN[0m
  ↳ app/models/user.rb:34
  [1m[36mUser Exists (0.4ms)[0m  [1m[34mSELECT  1 AS one FROM "users" WHERE "users"."email" = $1 AND "users"."id" != $2 LIMIT $3[0m  [["email", "aaa@test.com"], ["id", 6], ["LIMIT", 1]]
  ↳ app/models/user.rb:34
  [1m[36mUser Update (0.4ms)[0m  [1m[33mUPDATE "users" SET "session_token" = $1, "updated_at" = $2 WHERE "users"."id" = $3[0m  [["session_token", "lUctTG89qXXDG5GWbVwbxA"], ["updated_at", "2020-02-11 01:43:22.625213"], ["id", 6]]
  ↳ app/models/user.rb:34
  [1m[35m (1.8ms)[0m  [1m[35mCOMMIT[0m
  ↳ app/models/user.rb:34
  Rendering api/users/show.json.jbuilder
  Rendered api/users/_user.json.jbuilder (0.4ms)
  Rendered api/users/show.json.jbuilder (2.5ms)
Completed 200 OK in 310ms (Views: 11.2ms | ActiveRecord: 3.4ms)


Started GET "/" for ::1 at 2020-02-10 20:45:19 -0500
Processing by StaticPagesController#root as HTML
  Rendering static_pages/root.html.erb within layouts/application
  Rendered static_pages/root.html.erb within layouts/application (534.7ms)
Completed 500 Internal Server Error in 544ms (ActiveRecord: 0.0ms)



NameError - undefined local variable or method `current_user' for #<#<Class:0x00007fcc73071880>:0x00007fcc6960dc80>
Did you mean?  current_page?:
  app/views/static_pages/root.html.erb:1:in `_app_views_static_pages_root_html_erb__2734571856130171241_70257959008860'

Started POST "/__better_errors/eea2af86dc719beb/variables" for ::1 at 2020-02-10 20:45:20 -0500
Started GET "/" for ::1 at 2020-02-10 20:46:26 -0500
Processing by StaticPagesController#root as HTML
  Rendering static_pages/root.html.erb within layouts/application
  [1m[36mUser Load (0.4ms)[0m  [1m[34mSELECT  "users".* FROM "users" WHERE "users"."session_token" = $1 LIMIT $2[0m  [["session_token", "lUctTG89qXXDG5GWbVwbxA"], ["LIMIT", 1]]
  ↳ app/controllers/application_controller.rb:12
  Rendered static_pages/root.html.erb within layouts/application (51.6ms)
Completed 200 OK in 485ms (Views: 444.0ms | ActiveRecord: 37.7ms)


Started DELETE "/api/session" for ::1 at 2020-02-10 20:46:33 -0500
Processing by Api::SessionsController#destroy as JSON
  [1m[36mUser Load (0.4ms)[0m  [1m[34mSELECT  "users".* FROM "users" WHERE "users"."session_token" = $1 LIMIT $2[0m  [["session_token", "lUctTG89qXXDG5GWbVwbxA"], ["LIMIT", 1]]
  ↳ app/controllers/application_controller.rb:12
  [1m[35m (0.1ms)[0m  [1m[35mBEGIN[0m
  ↳ app/models/user.rb:34
  [1m[36mUser Exists (0.4ms)[0m  [1m[34mSELECT  1 AS one FROM "users" WHERE "users"."email" = $1 AND "users"."id" != $2 LIMIT $3[0m  [["email", "aaa@test.com"], ["id", 6], ["LIMIT", 1]]
  ↳ app/models/user.rb:34
  [1m[36mUser Update (6.8ms)[0m  [1m[33mUPDATE "users" SET "session_token" = $1, "updated_at" = $2 WHERE "users"."id" = $3[0m  [["session_token", "ZLP7gLDF1eXmiUBP6z_Xzg"], ["updated_at", "2020-02-11 01:46:33.096604"], ["id", 6]]
  ↳ app/models/user.rb:34
  [1m[35m (6.0ms)[0m  [1m[35mCOMMIT[0m
  ↳ app/models/user.rb:34
Completed 200 OK in 19ms (Views: 0.2ms | ActiveRecord: 13.7ms)


Started POST "/api/session" for ::1 at 2020-02-10 20:46:44 -0500
Processing by Api::SessionsController#create as JSON
  Parameters: {"user"=>{"email"=>"aaa@test.com", "name"=>"", "password"=>"[FILTERED]"}}
  [1m[36mUser Load (0.4ms)[0m  [1m[34mSELECT  "users".* FROM "users" WHERE "users"."email" = $1 LIMIT $2[0m  [["email", "aaa@test.com"], ["LIMIT", 1]]
  ↳ app/models/user.rb:13
  [1m[35m (0.2ms)[0m  [1m[35mBEGIN[0m
  ↳ app/models/user.rb:34
  [1m[36mUser Exists (0.5ms)[0m  [1m[34mSELECT  1 AS one FROM "users" WHERE "users"."email" = $1 AND "users"."id" != $2 LIMIT $3[0m  [["email", "aaa@test.com"], ["id", 6], ["LIMIT", 1]]
  ↳ app/models/user.rb:34
  [1m[36mUser Update (0.5ms)[0m  [1m[33mUPDATE "users" SET "session_token" = $1, "updated_at" = $2 WHERE "users"."id" = $3[0m  [["session_token", "DkeDs5mRWAhVZDXgCYAKGA"], ["updated_at", "2020-02-11 01:46:45.037722"], ["id", 6]]
  ↳ app/models/user.rb:34
  [1m[35m (1.7ms)[0m  [1m[35mCOMMIT[0m
  ↳ app/models/user.rb:34
  Rendering api/users/show.json.jbuilder
  Rendered api/users/_user.json.jbuilder (0.5ms)
  Rendered api/users/show.json.jbuilder (2.4ms)
Completed 200 OK in 321ms (Views: 11.3ms | ActiveRecord: 3.4ms)


Started GET "/" for ::1 at 2020-02-10 20:46:46 -0500
Processing by StaticPagesController#root as HTML
  Rendering static_pages/root.html.erb within layouts/application
  [1m[36mUser Load (0.4ms)[0m  [1m[34mSELECT  "users".* FROM "users" WHERE "users"."session_token" = $1 LIMIT $2[0m  [["session_token", "DkeDs5mRWAhVZDXgCYAKGA"], ["LIMIT", 1]]
  ↳ app/controllers/application_controller.rb:12
  Rendered static_pages/root.html.erb within layouts/application (1.9ms)
Completed 200 OK in 37ms (Views: 34.6ms | ActiveRecord: 0.4ms)


Started DELETE "/api/session" for ::1 at 2020-02-10 20:46:50 -0500
Processing by Api::SessionsController#destroy as JSON
  [1m[36mUser Load (0.4ms)[0m  [1m[34mSELECT  "users".* FROM "users" WHERE "users"."session_token" = $1 LIMIT $2[0m  [["session_token", "DkeDs5mRWAhVZDXgCYAKGA"], ["LIMIT", 1]]
  ↳ app/controllers/application_controller.rb:12
  [1m[35m (0.2ms)[0m  [1m[35mBEGIN[0m
  ↳ app/models/user.rb:34
  [1m[36mUser Exists (0.4ms)[0m  [1m[34mSELECT  1 AS one FROM "users" WHERE "users"."email" = $1 AND "users"."id" != $2 LIMIT $3[0m  [["email", "aaa@test.com"], ["id", 6], ["LIMIT", 1]]
  ↳ app/models/user.rb:34
  [1m[36mUser Update (0.4ms)[0m  [1m[33mUPDATE "users" SET "session_token" = $1, "updated_at" = $2 WHERE "users"."id" = $3[0m  [["session_token", "XyI6CXrT7udgELIUJvCiJw"], ["updated_at", "2020-02-11 01:46:50.185380"], ["id", 6]]
  ↳ app/models/user.rb:34
  [1m[35m (2.0ms)[0m  [1m[35mCOMMIT[0m
  ↳ app/models/user.rb:34
Completed 200 OK in 8ms (Views: 0.2ms | ActiveRecord: 3.4ms)


